##############################################################################################################
#
# Rosetta crash log. Please submit the contents of this file to http://crash.rosettacommons.org/
# or use the script Rosetta/main/source/scripts/python/public/report_crashes.py
#

[START_CRASH_REPORT]
[ROSETTA_VERSION]: 2021.36+release.57ac713a6e1
[COMMIT_DATE]: 2021-09-13T18:31:49.554905
[APPLICATION]: /Users/Ghadi/Desktop/rosetta/main/source/bin/rosetta_scripts.static.macosclangrelease
[MODE]: Release
[EXTRAS]: default
[OS]: Apple Mac OS X
[COMPILER]: Clang version "9.0.0 (clang-900.0.39.2)"
[STDLIB]: libc++ version 4000
[START_OPTIONS]
 -in:fix_disulf=dorh.disulfide -in:file:fasta=dorh_full.fasta -in:file:spanfile=dorh.span -out:nstruct=3 -out:pdb -out:file:scorefile=dorh_scores.out -parser:protocol=rosetta_cm.xml -score:weights=stage3_rlx_membrane.wts -packing:linmem_ig=10 -chemical:exclude_patches=LowerDNA UpperDNA Cterm_amidation SpecialRotamer VirtualBB ShoveBB VirtualDNAPhosphate VirtualNTerm CTermConnect sc_orbitals pro_hydroxylated_case1 pro_hydroxylated_case2 ser_phosphorylated thr_phosphorylated tyr_phosphorylated tyr_sulfated lys_dimethylated lys_monomethylated lys_trimethylated lys_acetylated glu_carboxylated cys_acetylated tyr_diiodinated N_acetylated C_methylamidated MethylatedProteinCterm -constraints:sog_upper_bound=15 -corrections:restore_talaris_behavior -corrections:score:use_bicubic_interpolation -membrane:no_interpolate_Mpair -membrane:Menv_penalties -optimization:default_max_cycles=200 -abinitio:rg_reweight=0.1 -cm:hybridize:stage1_probability=1 -relax:jump_move -relax:minimize_bond_lengths -relax:minimize_bond_angles -relax:min_type=lbfgs_armijo_nonmonotone

[END_OPTIONS]

[START_BACKTRACE]: RAW_LIBC
0   rosetta_scripts.static.macosclangrelease 0x000000010469b6df backtrace_string(int) + 79
1   rosetta_scripts.static.macosclangrelease 0x0000000104605f9c utility::excn::Exception::Exception(char const*, int, std::__1::basic_string<char, std::__1::char_traits<char>, std::__1::allocator<char> > const&) + 204
2   rosetta_scripts.static.macosclangrelease 0x000000010469f07c utility::UtilityExitException::UtilityExitException(char const*, int, std::__1::basic_string<char, std::__1::char_traits<char>, std::__1::allocator<char> > const&) + 108
3   rosetta_scripts.static.macosclangrelease 0x000000010469efb7 utility::exit(char const*, int, std::__1::basic_string<char, std::__1::char_traits<char>, std::__1::allocator<char> > const&, int) + 55
4   rosetta_scripts.static.macosclangrelease 0x0000000103be0115 utility::exit(char const*, int, int) + 37
5   rosetta_scripts.static.macosclangrelease 0x000000010331c048 core::io::raw_data::DisulfideFile::parse_disulf_file() const + 1960
6   rosetta_scripts.static.macosclangrelease 0x000000010331c19d core::io::raw_data::DisulfideFile::disulfides(utility::vector1<std::__1::pair<unsigned long, unsigned long>, std::__1::allocator<std::__1::pair<unsigned long, unsigned long> > >&, core::pose::Pose const&) const + 141
7   rosetta_scripts.static.macosclangrelease 0x000000010335b8ac core::pose::initialize_disulfide_bonds(core::pose::Pose&, core::io::StructFileRep const&) + 444
8   rosetta_scripts.static.macosclangrelease 0x0000000103b823ef core::io::pose_from_sfr::PoseFromSFRBuilder::refine_pose(core::pose::Pose&) + 6767
9   rosetta_scripts.static.macosclangrelease 0x0000000103b77ca0 core::io::pose_from_sfr::PoseFromSFRBuilder::build_pose(core::io::StructFileRep const&, core::pose::Pose&) + 240
10  rosetta_scripts.static.macosclangrelease 0x0000000102b177fd core::import_pose::build_pose_as_is(std::__1::shared_ptr<core::io::StructFileRep>, core::pose::Pose&, core::chemical::ResidueTypeSet const&, core::import_pose::ImportPoseOptions const&) + 157
11  rosetta_scripts.static.macosclangrelease 0x0000000102b15b68 core::import_pose::build_pose(std::__1::shared_ptr<core::io::StructFileRep>, core::pose::Pose&, core::chemical::ResidueTypeSet const&, core::import_pose::ImportPoseOptions const&) + 216
12  rosetta_scripts.static.macosclangrelease 0x0000000102b153cd core::import_pose::pose_from_file(core::pose::Pose&, core::chemical::ResidueTypeSet const&, std::__1::basic_string<char, std::__1::char_traits<char>, std::__1::allocator<char> > const&, core::import_pose::ImportPoseOptions const&, bool, core::import_pose::FileType) + 2397
13  rosetta_scripts.static.macosclangrelease 0x0000000102b142db core::import_pose::pose_from_file(core::pose::Pose&, core::chemical::ResidueTypeSet const&, std::__1::basic_string<char, std::__1::char_traits<char>, std::__1::allocator<char> > const&, bool, core::import_pose::FileType) + 75
14  rosetta_scripts.static.macosclangrelease 0x0000000101314cf2 protocols::hybridization::HybridizeProtocol::add_template(std::__1::basic_string<char, std::__1::char_traits<char>, std::__1::allocator<char> > const&, std::__1::basic_string<char, std::__1::char_traits<char>, std::__1::allocator<char> > const&, std::__1::basic_string<char, std::__1::char_traits<char>, std::__1::allocator<char> > const&, double, utility::vector1<char, std::__1::allocator<char> > const&, bool) + 306
15  rosetta_scripts.static.macosclangrelease 0x0000000101324081 protocols::hybridization::HybridizeProtocol::parse_my_tag(std::__1::shared_ptr<utility::tag::Tag const>, basic::datacache::DataMap&) + 13441
16  rosetta_scripts.static.macosclangrelease 0x00000001029d4040 protocols::moves::MoverFactory::newMover(std::__1::shared_ptr<utility::tag::Tag const>, basic::datacache::DataMap&) const + 96
17  rosetta_scripts.static.macosclangrelease 0x0000000102a50913 protocols::rosetta_scripts::RosettaScriptsParser::instantiate_mover(std::__1::shared_ptr<utility::tag::Tag const> const&, basic::datacache::DataMap&) const + 371
18  rosetta_scripts.static.macosclangrelease 0x0000000102a4f306 protocols::rosetta_scripts::RosettaScriptsParser::generate_mover_for_protocol(std::__1::shared_ptr<utility::tag::Tag const>, basic::datacache::DataMap&, utility::options::OptionCollection const&, std::__1::shared_ptr<protocols::rosetta_scripts::XmlObjects>, std::__1::shared_ptr<basic::resource_manager::ResourceManager>) + 1158
19  rosetta_scripts.static.macosclangrelease 0x0000000102a4865e protocols::rosetta_scripts::RosettaScriptsParser::generate_mover_for_protocol(std::__1::shared_ptr<utility::tag::Tag const>, utility::options::OptionCollection const&, std::__1::basic_string<char, std::__1::char_traits<char>, std::__1::allocator<char> > const&, std::__1::basic_string<char, std::__1::char_traits<char>, std::__1::allocator<char> > const&, std::__1::shared_ptr<protocols::rosetta_scripts::XmlObjects>, std::__1::shared_ptr<basic::resource_manager::ResourceManager>) + 1134
20  rosetta_scripts.static.macosclangrelease 0x0000000102a4ed1c protocols::rosetta_scripts::RosettaScriptsParser::generate_mover(std::__1::shared_ptr<protocols::moves::Mover>&, bool, std::__1::basic_string<char, std::__1::char_traits<char>, std::__1::allocator<char> > const&, std::__1::basic_string<char, std::__1::char_traits<char>, std::__1::allocator<char> > const&, std::__1::basic_string<char, std::__1::char_traits<char>, std::__1::allocator<char> > const&, bool) + 556
21  rosetta_scripts.static.macosclangrelease 0x0000000102ab630e protocols::jd2::JobDistributor::run_one_job(std::__1::shared_ptr<protocols::moves::Mover>&, long, std::__1::basic_string<char, std::__1::char_traits<char>, std::__1::allocator<char> >&, std::__1::basic_string<char, std::__1::char_traits<char>, std::__1::allocator<char> >&, unsigned long&, unsigned long&, bool) + 5534
22  rosetta_scripts.static.macosclangrelease 0x0000000102ab4193 protocols::jd2::JobDistributor::go_main(std::__1::shared_ptr<protocols::moves::Mover>) + 195
23  rosetta_scripts.static.macosclangrelease 0x0000000102aafbe2 protocols::jd2::FileSystemJobDistributor::go(std::__1::shared_ptr<protocols::moves::Mover>) + 66
24  rosetta_scripts.static.macosclangrelease 0x0000000100853bc4 main + 1444
25  libdyld.dylib                       0x00007fff6ba5d3d5 start + 1
26  ???                                 0x0000000000000002 0x0 + 2

[END_BACKTRACE]

[FILE]: src/core/io/raw_data/DisulfideFile.cc
[LINE]: 174
[START_MESSAGE]
[ ERROR ] UtilityExitException
ERROR: 



[END_MESSAGE]
[END_CRASH_REPORT]

##############################################################################################################
#
# Rosetta crash log. Please submit the contents of this file to http://crash.rosettacommons.org/
# or use the script Rosetta/main/source/scripts/python/public/report_crashes.py
#

[START_CRASH_REPORT]
[ROSETTA_VERSION]: 2021.36+release.57ac713a6e1
[COMMIT_DATE]: 2021-09-13T18:31:49.554905
[APPLICATION]: /Users/Ghadi/Desktop/rosetta/main/source/bin/rosetta_scripts.static.macosclangrelease
[MODE]: Release
[EXTRAS]: default
[OS]: Apple Mac OS X
[COMPILER]: Clang version "9.0.0 (clang-900.0.39.2)"
[STDLIB]: libc++ version 4000
[START_OPTIONS]
 -in:fix_disulf=dorh.disulfide -in:file:fasta=dorh_full.fasta -in:file:spanfile=dorh.span -out:nstruct=3 -out:pdb -out:file:scorefile=dorh_scores.out -parser:protocol=rosetta_cm.xml -score:weights=stage3_rlx_membrane.wts -packing:linmem_ig=10 -chemical:exclude_patches=LowerDNA UpperDNA Cterm_amidation SpecialRotamer VirtualBB ShoveBB VirtualDNAPhosphate VirtualNTerm CTermConnect sc_orbitals pro_hydroxylated_case1 pro_hydroxylated_case2 ser_phosphorylated thr_phosphorylated tyr_phosphorylated tyr_sulfated lys_dimethylated lys_monomethylated lys_trimethylated lys_acetylated glu_carboxylated cys_acetylated tyr_diiodinated N_acetylated C_methylamidated MethylatedProteinCterm -constraints:sog_upper_bound=15 -corrections:restore_talaris_behavior -corrections:score:use_bicubic_interpolation -membrane:no_interpolate_Mpair -membrane:Menv_penalties -optimization:default_max_cycles=200 -abinitio:rg_reweight=0.1 -cm:hybridize:stage1_probability=1 -relax:jump_move -relax:minimize_bond_lengths -relax:minimize_bond_angles -relax:min_type=lbfgs_armijo_nonmonotone

[END_OPTIONS]

[START_BACKTRACE]: RAW_LIBC
0   rosetta_scripts.static.macosclangrelease 0x00000001084cf6df backtrace_string(int) + 79
1   rosetta_scripts.static.macosclangrelease 0x0000000108439f9c utility::excn::Exception::Exception(char const*, int, std::__1::basic_string<char, std::__1::char_traits<char>, std::__1::allocator<char> > const&) + 204
2   rosetta_scripts.static.macosclangrelease 0x00000001084d307c utility::UtilityExitException::UtilityExitException(char const*, int, std::__1::basic_string<char, std::__1::char_traits<char>, std::__1::allocator<char> > const&) + 108
3   rosetta_scripts.static.macosclangrelease 0x00000001084d2fb7 utility::exit(char const*, int, std::__1::basic_string<char, std::__1::char_traits<char>, std::__1::allocator<char> > const&, int) + 55
4   rosetta_scripts.static.macosclangrelease 0x0000000107a14115 utility::exit(char const*, int, int) + 37
5   rosetta_scripts.static.macosclangrelease 0x0000000107150048 core::io::raw_data::DisulfideFile::parse_disulf_file() const + 1960
6   rosetta_scripts.static.macosclangrelease 0x000000010715019d core::io::raw_data::DisulfideFile::disulfides(utility::vector1<std::__1::pair<unsigned long, unsigned long>, std::__1::allocator<std::__1::pair<unsigned long, unsigned long> > >&, core::pose::Pose const&) const + 141
7   rosetta_scripts.static.macosclangrelease 0x000000010718f8ac core::pose::initialize_disulfide_bonds(core::pose::Pose&, core::io::StructFileRep const&) + 444
8   rosetta_scripts.static.macosclangrelease 0x00000001079b63ef core::io::pose_from_sfr::PoseFromSFRBuilder::refine_pose(core::pose::Pose&) + 6767
9   rosetta_scripts.static.macosclangrelease 0x00000001079abca0 core::io::pose_from_sfr::PoseFromSFRBuilder::build_pose(core::io::StructFileRep const&, core::pose::Pose&) + 240
10  rosetta_scripts.static.macosclangrelease 0x000000010694b7fd core::import_pose::build_pose_as_is(std::__1::shared_ptr<core::io::StructFileRep>, core::pose::Pose&, core::chemical::ResidueTypeSet const&, core::import_pose::ImportPoseOptions const&) + 157
11  rosetta_scripts.static.macosclangrelease 0x0000000106949b68 core::import_pose::build_pose(std::__1::shared_ptr<core::io::StructFileRep>, core::pose::Pose&, core::chemical::ResidueTypeSet const&, core::import_pose::ImportPoseOptions const&) + 216
12  rosetta_scripts.static.macosclangrelease 0x00000001069493cd core::import_pose::pose_from_file(core::pose::Pose&, core::chemical::ResidueTypeSet const&, std::__1::basic_string<char, std::__1::char_traits<char>, std::__1::allocator<char> > const&, core::import_pose::ImportPoseOptions const&, bool, core::import_pose::FileType) + 2397
13  rosetta_scripts.static.macosclangrelease 0x00000001069482db core::import_pose::pose_from_file(core::pose::Pose&, core::chemical::ResidueTypeSet const&, std::__1::basic_string<char, std::__1::char_traits<char>, std::__1::allocator<char> > const&, bool, core::import_pose::FileType) + 75
14  rosetta_scripts.static.macosclangrelease 0x0000000105148cf2 protocols::hybridization::HybridizeProtocol::add_template(std::__1::basic_string<char, std::__1::char_traits<char>, std::__1::allocator<char> > const&, std::__1::basic_string<char, std::__1::char_traits<char>, std::__1::allocator<char> > const&, std::__1::basic_string<char, std::__1::char_traits<char>, std::__1::allocator<char> > const&, double, utility::vector1<char, std::__1::allocator<char> > const&, bool) + 306
15  rosetta_scripts.static.macosclangrelease 0x0000000105158081 protocols::hybridization::HybridizeProtocol::parse_my_tag(std::__1::shared_ptr<utility::tag::Tag const>, basic::datacache::DataMap&) + 13441
16  rosetta_scripts.static.macosclangrelease 0x0000000106808040 protocols::moves::MoverFactory::newMover(std::__1::shared_ptr<utility::tag::Tag const>, basic::datacache::DataMap&) const + 96
17  rosetta_scripts.static.macosclangrelease 0x0000000106884913 protocols::rosetta_scripts::RosettaScriptsParser::instantiate_mover(std::__1::shared_ptr<utility::tag::Tag const> const&, basic::datacache::DataMap&) const + 371
18  rosetta_scripts.static.macosclangrelease 0x0000000106883306 protocols::rosetta_scripts::RosettaScriptsParser::generate_mover_for_protocol(std::__1::shared_ptr<utility::tag::Tag const>, basic::datacache::DataMap&, utility::options::OptionCollection const&, std::__1::shared_ptr<protocols::rosetta_scripts::XmlObjects>, std::__1::shared_ptr<basic::resource_manager::ResourceManager>) + 1158
19  rosetta_scripts.static.macosclangrelease 0x000000010687c65e protocols::rosetta_scripts::RosettaScriptsParser::generate_mover_for_protocol(std::__1::shared_ptr<utility::tag::Tag const>, utility::options::OptionCollection const&, std::__1::basic_string<char, std::__1::char_traits<char>, std::__1::allocator<char> > const&, std::__1::basic_string<char, std::__1::char_traits<char>, std::__1::allocator<char> > const&, std::__1::shared_ptr<protocols::rosetta_scripts::XmlObjects>, std::__1::shared_ptr<basic::resource_manager::ResourceManager>) + 1134
20  rosetta_scripts.static.macosclangrelease 0x0000000106882d1c protocols::rosetta_scripts::RosettaScriptsParser::generate_mover(std::__1::shared_ptr<protocols::moves::Mover>&, bool, std::__1::basic_string<char, std::__1::char_traits<char>, std::__1::allocator<char> > const&, std::__1::basic_string<char, std::__1::char_traits<char>, std::__1::allocator<char> > const&, std::__1::basic_string<char, std::__1::char_traits<char>, std::__1::allocator<char> > const&, bool) + 556
21  rosetta_scripts.static.macosclangrelease 0x00000001068ea30e protocols::jd2::JobDistributor::run_one_job(std::__1::shared_ptr<protocols::moves::Mover>&, long, std::__1::basic_string<char, std::__1::char_traits<char>, std::__1::allocator<char> >&, std::__1::basic_string<char, std::__1::char_traits<char>, std::__1::allocator<char> >&, unsigned long&, unsigned long&, bool) + 5534
22  rosetta_scripts.static.macosclangrelease 0x00000001068e8193 protocols::jd2::JobDistributor::go_main(std::__1::shared_ptr<protocols::moves::Mover>) + 195
23  rosetta_scripts.static.macosclangrelease 0x00000001068e3be2 protocols::jd2::FileSystemJobDistributor::go(std::__1::shared_ptr<protocols::moves::Mover>) + 66
24  rosetta_scripts.static.macosclangrelease 0x0000000104687bc4 main + 1444
25  libdyld.dylib                       0x00007fff6ba5d3d5 start + 1
26  ???                                 0x0000000000000002 0x0 + 2

[END_BACKTRACE]

[FILE]: src/core/io/raw_data/DisulfideFile.cc
[LINE]: 174
[START_MESSAGE]
[ ERROR ] UtilityExitException
ERROR: 



[END_MESSAGE]
[END_CRASH_REPORT]

##############################################################################################################
#
# Rosetta crash log. Please submit the contents of this file to http://crash.rosettacommons.org/
# or use the script Rosetta/main/source/scripts/python/public/report_crashes.py
#

[START_CRASH_REPORT]
[ROSETTA_VERSION]: 2021.36+release.57ac713a6e1
[COMMIT_DATE]: 2021-09-13T18:31:49.554905
[APPLICATION]: /Users/Ghadi/Desktop/rosetta/main/source/bin/rosetta_scripts.static.macosclangrelease
[MODE]: Release
[EXTRAS]: default
[OS]: Apple Mac OS X
[COMPILER]: Clang version "9.0.0 (clang-900.0.39.2)"
[STDLIB]: libc++ version 4000
[START_OPTIONS]
 -in:fix_disulf=dorh.disulfide -in:file:fasta=dorh_full.fasta -in:file:spanfile=dorh.span -out:nstruct=3 -out:pdb -out:file:scorefile=dorh_scores.out -parser:protocol=rosetta_cm.xml -score:weights=stage3_rlx_membrane.wts -packing:linmem_ig=10 -chemical:exclude_patches=LowerDNA UpperDNA Cterm_amidation SpecialRotamer VirtualBB ShoveBB VirtualDNAPhosphate VirtualNTerm CTermConnect sc_orbitals pro_hydroxylated_case1 pro_hydroxylated_case2 ser_phosphorylated thr_phosphorylated tyr_phosphorylated tyr_sulfated lys_dimethylated lys_monomethylated lys_trimethylated lys_acetylated glu_carboxylated cys_acetylated tyr_diiodinated N_acetylated C_methylamidated MethylatedProteinCterm -constraints:sog_upper_bound=15 -corrections:restore_talaris_behavior -corrections:score:use_bicubic_interpolation -membrane:no_interpolate_Mpair -membrane:Menv_penalties -optimization:default_max_cycles=200 -abinitio:rg_reweight=0.1 -cm:hybridize:stage1_probability=1 -relax:jump_move -relax:minimize_bond_lengths -relax:minimize_bond_angles -relax:min_type=lbfgs_armijo_nonmonotone

[END_OPTIONS]

[START_BACKTRACE]: RAW_LIBC
0   rosetta_scripts.static.macosclangrelease 0x000000010cef66df backtrace_string(int) + 79
1   rosetta_scripts.static.macosclangrelease 0x000000010ce60f9c utility::excn::Exception::Exception(char const*, int, std::__1::basic_string<char, std::__1::char_traits<char>, std::__1::allocator<char> > const&) + 204
2   rosetta_scripts.static.macosclangrelease 0x000000010cefa07c utility::UtilityExitException::UtilityExitException(char const*, int, std::__1::basic_string<char, std::__1::char_traits<char>, std::__1::allocator<char> > const&) + 108
3   rosetta_scripts.static.macosclangrelease 0x000000010cef9fb7 utility::exit(char const*, int, std::__1::basic_string<char, std::__1::char_traits<char>, std::__1::allocator<char> > const&, int) + 55
4   rosetta_scripts.static.macosclangrelease 0x000000010c43b115 utility::exit(char const*, int, int) + 37
5   rosetta_scripts.static.macosclangrelease 0x000000010bb77048 core::io::raw_data::DisulfideFile::parse_disulf_file() const + 1960
6   rosetta_scripts.static.macosclangrelease 0x000000010bb7719d core::io::raw_data::DisulfideFile::disulfides(utility::vector1<std::__1::pair<unsigned long, unsigned long>, std::__1::allocator<std::__1::pair<unsigned long, unsigned long> > >&, core::pose::Pose const&) const + 141
7   rosetta_scripts.static.macosclangrelease 0x000000010bbb68ac core::pose::initialize_disulfide_bonds(core::pose::Pose&, core::io::StructFileRep const&) + 444
8   rosetta_scripts.static.macosclangrelease 0x000000010c3dd3ef core::io::pose_from_sfr::PoseFromSFRBuilder::refine_pose(core::pose::Pose&) + 6767
9   rosetta_scripts.static.macosclangrelease 0x000000010c3d2ca0 core::io::pose_from_sfr::PoseFromSFRBuilder::build_pose(core::io::StructFileRep const&, core::pose::Pose&) + 240
10  rosetta_scripts.static.macosclangrelease 0x000000010b3727fd core::import_pose::build_pose_as_is(std::__1::shared_ptr<core::io::StructFileRep>, core::pose::Pose&, core::chemical::ResidueTypeSet const&, core::import_pose::ImportPoseOptions const&) + 157
11  rosetta_scripts.static.macosclangrelease 0x000000010b370b68 core::import_pose::build_pose(std::__1::shared_ptr<core::io::StructFileRep>, core::pose::Pose&, core::chemical::ResidueTypeSet const&, core::import_pose::ImportPoseOptions const&) + 216
12  rosetta_scripts.static.macosclangrelease 0x000000010b3703cd core::import_pose::pose_from_file(core::pose::Pose&, core::chemical::ResidueTypeSet const&, std::__1::basic_string<char, std::__1::char_traits<char>, std::__1::allocator<char> > const&, core::import_pose::ImportPoseOptions const&, bool, core::import_pose::FileType) + 2397
13  rosetta_scripts.static.macosclangrelease 0x000000010b36f2db core::import_pose::pose_from_file(core::pose::Pose&, core::chemical::ResidueTypeSet const&, std::__1::basic_string<char, std::__1::char_traits<char>, std::__1::allocator<char> > const&, bool, core::import_pose::FileType) + 75
14  rosetta_scripts.static.macosclangrelease 0x0000000109b6fcf2 protocols::hybridization::HybridizeProtocol::add_template(std::__1::basic_string<char, std::__1::char_traits<char>, std::__1::allocator<char> > const&, std::__1::basic_string<char, std::__1::char_traits<char>, std::__1::allocator<char> > const&, std::__1::basic_string<char, std::__1::char_traits<char>, std::__1::allocator<char> > const&, double, utility::vector1<char, std::__1::allocator<char> > const&, bool) + 306
15  rosetta_scripts.static.macosclangrelease 0x0000000109b7f081 protocols::hybridization::HybridizeProtocol::parse_my_tag(std::__1::shared_ptr<utility::tag::Tag const>, basic::datacache::DataMap&) + 13441
16  rosetta_scripts.static.macosclangrelease 0x000000010b22f040 protocols::moves::MoverFactory::newMover(std::__1::shared_ptr<utility::tag::Tag const>, basic::datacache::DataMap&) const + 96
17  rosetta_scripts.static.macosclangrelease 0x000000010b2ab913 protocols::rosetta_scripts::RosettaScriptsParser::instantiate_mover(std::__1::shared_ptr<utility::tag::Tag const> const&, basic::datacache::DataMap&) const + 371
18  rosetta_scripts.static.macosclangrelease 0x000000010b2aa306 protocols::rosetta_scripts::RosettaScriptsParser::generate_mover_for_protocol(std::__1::shared_ptr<utility::tag::Tag const>, basic::datacache::DataMap&, utility::options::OptionCollection const&, std::__1::shared_ptr<protocols::rosetta_scripts::XmlObjects>, std::__1::shared_ptr<basic::resource_manager::ResourceManager>) + 1158
19  rosetta_scripts.static.macosclangrelease 0x000000010b2a365e protocols::rosetta_scripts::RosettaScriptsParser::generate_mover_for_protocol(std::__1::shared_ptr<utility::tag::Tag const>, utility::options::OptionCollection const&, std::__1::basic_string<char, std::__1::char_traits<char>, std::__1::allocator<char> > const&, std::__1::basic_string<char, std::__1::char_traits<char>, std::__1::allocator<char> > const&, std::__1::shared_ptr<protocols::rosetta_scripts::XmlObjects>, std::__1::shared_ptr<basic::resource_manager::ResourceManager>) + 1134
20  rosetta_scripts.static.macosclangrelease 0x000000010b2a9d1c protocols::rosetta_scripts::RosettaScriptsParser::generate_mover(std::__1::shared_ptr<protocols::moves::Mover>&, bool, std::__1::basic_string<char, std::__1::char_traits<char>, std::__1::allocator<char> > const&, std::__1::basic_string<char, std::__1::char_traits<char>, std::__1::allocator<char> > const&, std::__1::basic_string<char, std::__1::char_traits<char>, std::__1::allocator<char> > const&, bool) + 556
21  rosetta_scripts.static.macosclangrelease 0x000000010b31130e protocols::jd2::JobDistributor::run_one_job(std::__1::shared_ptr<protocols::moves::Mover>&, long, std::__1::basic_string<char, std::__1::char_traits<char>, std::__1::allocator<char> >&, std::__1::basic_string<char, std::__1::char_traits<char>, std::__1::allocator<char> >&, unsigned long&, unsigned long&, bool) + 5534
22  rosetta_scripts.static.macosclangrelease 0x000000010b30f193 protocols::jd2::JobDistributor::go_main(std::__1::shared_ptr<protocols::moves::Mover>) + 195
23  rosetta_scripts.static.macosclangrelease 0x000000010b30abe2 protocols::jd2::FileSystemJobDistributor::go(std::__1::shared_ptr<protocols::moves::Mover>) + 66
24  rosetta_scripts.static.macosclangrelease 0x00000001090aebc4 main + 1444
25  libdyld.dylib                       0x00007fff6ba5d3d5 start + 1
26  ???                                 0x0000000000000002 0x0 + 2

[END_BACKTRACE]

[FILE]: src/core/io/raw_data/DisulfideFile.cc
[LINE]: 174
[START_MESSAGE]
[ ERROR ] UtilityExitException
ERROR: 



[END_MESSAGE]
[END_CRASH_REPORT]

